<?xml version="1.0" encoding="UTF-8"?>
<!-- Generated by org.testng.reporters.JUnitReportReporter -->
<testsuite hostname="miaoyan-PC" name="testng.InAdminEdu_Course" tests="1" failures="0" timestamp="25 Mar 2015 07:13:28 GMT" time="17.084" errors="0">
  <testcase name="InAdminEdu_TestVerffy_Add_Course" time="17.084" classname="testng.InAdminEdu_Course"/>
</testsuite> <!-- testng.InAdminEdu_Course -->
