<?xml version="1.0" encoding="UTF-8"?>
<!-- Generated by org.testng.reporters.JUnitReportReporter -->
<testsuite hostname="miaoyan-PC" name="testng.TestEduLogin" tests="1" failures="0" timestamp="20 Mar 2015 07:18:50 GMT" time="64.571" errors="0">
  <testcase name="apply_teacher" time="64.571" classname="testng.TestEduLogin"/>
</testsuite> <!-- testng.TestEduLogin -->
