<?xml version="1.0" encoding="UTF-8"?>
<!-- Generated by org.testng.reporters.JUnitReportReporter -->
<testsuite hostname="miaoyan-PC" name="testng.TestEduCreateCourse" tests="1" failures="0" timestamp="18 Mar 2015 09:57:41 GMT" time="16.835" errors="0">
  <testcase name="testAlert" time="16.835" classname="testng.TestEduCreateCourse"/>
</testsuite> <!-- testng.TestEduCreateCourse -->
