<?xml version="1.0" encoding="UTF-8"?>
<!-- Generated by org.testng.reporters.JUnitReportReporter -->
<testsuite hostname="miaoyan-PC" name="testng.TestEduAddCourse" tests="1" failures="0" timestamp="26 Mar 2015 03:22:32 GMT" time="140.387" errors="0">
  <testcase name="AddCourse" time="140.387" classname="testng.TestEduAddCourse"/>
</testsuite> <!-- testng.TestEduAddCourse -->
