<?xml version="1.0" encoding="UTF-8"?>
<!-- Generated by org.testng.reporters.JUnitReportReporter -->
<testsuite hostname="miaoyan-PC" name="testng.TestEduAddAgency" tests="1" failures="0" timestamp="27 Mar 2015 07:22:47 GMT" time="53.883" errors="0">
  <testcase name="TestEdu_addAgency" time="53.883" classname="testng.TestEduAddAgency"/>
</testsuite> <!-- testng.TestEduAddAgency -->
