<?xml version="1.0" encoding="UTF-8"?>
<!-- Generated by org.testng.reporters.JUnitReportReporter -->
<testsuite hostname="miaoyan-PC" name="testng.InAdminEdu_Agency" tests="1" failures="1" timestamp="30 Mar 2015 07:59:42 GMT" time="0.000" errors="0">
  <testcase name="InAdminEdu_verifyAddAgency" time="0.000" classname="testng.InAdminEdu_Agency">
    <failure type="org.openqa.selenium.WebDriverException" message="Failed to connect to binary FirefoxBinary(C:\Program Files (x86)\Mozilla Firefox\firefox.exe) on port 7055; process output follows: 
rceURI&quot;:&quot;file:///C:/Program%20Files%20(x86)/Mozilla%20Firefox/distribution/myextensions/cemigration@mozillaonline.com.xpi&quot;,&quot;releaseNotesURI&quot;:null,&quot;softDisabled&quot;:false,&quot;foreignInstall&quot;:false,&quot;hasBinaryComponents&quot;:false,&quot;strictCompatibility&quot;:true,&quot;locales&quot;:[{&quot;locales&quot;:[&quot;zh-CN&quot;],&quot;name&quot;:&quot;鏁版嵁瀵煎叆&quot;,&quot;description&quot;:&quot;灏嗗叾浠栨祻瑙堝櫒鏁版嵁瀵煎叆鍒扮伀鐙�,&quot;creator&quot;:&quot;Mozilla Online Limited&quot;,&quot;homepageURL&quot;:&quot;http://www.firefox.com.cn/&quot;}],&quot;targetApplications&quot;:[{&quot;id&quot;:&quot;{ec8030f7-c20a-464f-9b0e-13a3a9e97384}&quot;,&quot;minVersion&quot;:&quot;35.0&quot;,&quot;maxVersion&quot;:&quot;35.*&quot;}],&quot;targetPlatforms&quot;:[],&quot;multiprocessCompatible&quot;:false}
1427702338896	addons.xpi	DEBUG	getModTime: Recursive scan of cemigration@mozillaonline.com
1427702338898	DeferredSave.extensions.json	DEBUG	Save changes
1427702338898	DeferredSave.extensions.json	DEBUG	Save changes
1427702338898	addons.xpi	DEBUG	Install of file:///C:/Program%20Files%20(x86)/Mozilla%20Firefox/distribution/myextensions/cemigration@mozillaonline.com.xpi completed.
1427702338899	DeferredSave.extensions.json	DEBUG	Starting timer
1427702338899	addons.xpi	DEBUG	removeTemporaryFile: file:///C:/Program%20Files%20(x86)/Mozilla%20Firefox/distribution/myextensions/cemigration@mozillaonline.com.xpi does not own temp file
1427702338920	DeferredSave.extensions.json	DEBUG	Starting write
1427702338924	DeferredSave.extensions.json	DEBUG	Write succeeded
1427702339075	addons.xpi	DEBUG	Staged install of coba@mozilla.com.cn from file:///C:/Program%20Files%20(x86)/Mozilla%20Firefox/distribution/myextensions/coba@mozilla.com.cn.xpi ready; waiting for restart.
1427702339075	addons.xpi	DEBUG	removeTemporaryFile: file:///C:/Program%20Files%20(x86)/Mozilla%20Firefox/distribution/myextensions/coba@mozilla.com.cn.xpi does not own temp file
1427702339298	addons.repository	DEBUG	Got metadata search load event
1427702339298	DeferredSave.addons.json	DEBUG	Save changes
1427702339298	DeferredSave.addons.json	DEBUG	Starting timer
1427702339349	DeferredSave.addons.json	DEBUG	Starting write
1427702339352	DeferredSave.addons.json	DEBUG	Write succeeded
1427702339352	addons.xpi	DEBUG	Starting install of cehomepage@mozillaonline.com from file:///C:/Program%20Files%20(x86)/Mozilla%20Firefox/distribution/myextensions/cehomepage@mozillaonline.com.xpi
1427702339353	addons.xpi	DEBUG	Addon cehomepage@mozillaonline.com will be installed as an unpacked directory
1427702339874	addons.xpi	DEBUG	Staged install of cehomepage@mozillaonline.com from file:///C:/Program%20Files%20(x86)/Mozilla%20Firefox/distribution/myextensions/cehomepage@mozillaonline.com.xpi ready; waiting for restart.
1427702339874	addons.xpi	DEBUG	removeTemporaryFile: file:///C:/Program%20Files%20(x86)/Mozilla%20Firefox/distribution/myextensions/cehomepage@mozillaonline.com.xpi does not own temp file
1427702339879	addons.xpi	DEBUG	Staged install of cpmanager@mozillaonline.com from file:///C:/Program%20Files%20(x86)/Mozilla%20Firefox/distribution/myextensions/cpmanager@mozillaonline.com.xpi ready; waiting for restart.
1427702339887	addons.xpi	DEBUG	removeTemporaryFile: file:///C:/Program%20Files%20(x86)/Mozilla%20Firefox/distribution/myextensions/cpmanager@mozillaonline.com.xpi does not own temp file
1427702363262	addons.xpi	DEBUG	Calling bootstrap method shutdown on wx-assistant@mozillaonline.com version 1.1.3
1427702363267	addons.xpi	DEBUG	Calling bootstrap method shutdown on commonfix@mozillaonline.com version 0.10
1427702363594	addons.manager	DEBUG	shutdown
1427702363595	addons.manager	DEBUG	Calling shutdown blocker for XPIProvider
1427702363595	addons.xpi	DEBUG	shutdown
1427702363595	addons.xpi-utils	DEBUG	shutdown
1427702363595	addons.manager	DEBUG	Calling shutdown blocker for LightweightThemeManager
1427702363596	addons.manager	DEBUG	Calling shutdown blocker for OpenH264Provider
1427702363596	addons.manager	DEBUG	Calling shutdown blocker for PluginProvider
1427702363596	addons.manager	DEBUG	Calling shutdown blocker for &lt;unnamed-provider&gt;
1427702363597	addons.xpi	DEBUG	Notifying XPI shutdown observers
1427702363598	addons.manager	DEBUG	Async provider shutdown done

Build info: version: &#039;2.44.0&#039;, revision: &#039;76d78cf&#039;, time: &#039;2014-10-23 20:03:00&#039;
System info: host: &#039;miaoyan-PC&#039;, ip: &#039;192.168.5.103&#039;, os.name: &#039;Windows 7&#039;, os.arch: &#039;amd64&#039;, os.version: &#039;6.1&#039;, java.version: &#039;1.7.0_21&#039;
Driver info: driver.version: FirefoxDriver">
      <![CDATA[org.openqa.selenium.WebDriverException: Failed to connect to binary FirefoxBinary(C:\Program Files (x86)\Mozilla Firefox\firefox.exe) on port 7055; process output follows: 
rceURI":"file:///C:/Program%20Files%20(x86)/Mozilla%20Firefox/distribution/myextensions/cemigration@mozillaonline.com.xpi","releaseNotesURI":null,"softDisabled":false,"foreignInstall":false,"hasBinaryComponents":false,"strictCompatibility":true,"locales":[{"locales":["zh-CN"],"name":"鏁版嵁瀵煎叆","description":"灏嗗叾浠栨祻瑙堝櫒鏁版嵁瀵煎叆鍒扮伀鐙�,"creator":"Mozilla Online Limited","homepageURL":"http://www.firefox.com.cn/"}],"targetApplications":[{"id":"{ec8030f7-c20a-464f-9b0e-13a3a9e97384}","minVersion":"35.0","maxVersion":"35.*"}],"targetPlatforms":[],"multiprocessCompatible":false}
1427702338896	addons.xpi	DEBUG	getModTime: Recursive scan of cemigration@mozillaonline.com
1427702338898	DeferredSave.extensions.json	DEBUG	Save changes
1427702338898	DeferredSave.extensions.json	DEBUG	Save changes
1427702338898	addons.xpi	DEBUG	Install of file:///C:/Program%20Files%20(x86)/Mozilla%20Firefox/distribution/myextensions/cemigration@mozillaonline.com.xpi completed.
1427702338899	DeferredSave.extensions.json	DEBUG	Starting timer
1427702338899	addons.xpi	DEBUG	removeTemporaryFile: file:///C:/Program%20Files%20(x86)/Mozilla%20Firefox/distribution/myextensions/cemigration@mozillaonline.com.xpi does not own temp file
1427702338920	DeferredSave.extensions.json	DEBUG	Starting write
1427702338924	DeferredSave.extensions.json	DEBUG	Write succeeded
1427702339075	addons.xpi	DEBUG	Staged install of coba@mozilla.com.cn from file:///C:/Program%20Files%20(x86)/Mozilla%20Firefox/distribution/myextensions/coba@mozilla.com.cn.xpi ready; waiting for restart.
1427702339075	addons.xpi	DEBUG	removeTemporaryFile: file:///C:/Program%20Files%20(x86)/Mozilla%20Firefox/distribution/myextensions/coba@mozilla.com.cn.xpi does not own temp file
1427702339298	addons.repository	DEBUG	Got metadata search load event
1427702339298	DeferredSave.addons.json	DEBUG	Save changes
1427702339298	DeferredSave.addons.json	DEBUG	Starting timer
1427702339349	DeferredSave.addons.json	DEBUG	Starting write
1427702339352	DeferredSave.addons.json	DEBUG	Write succeeded
1427702339352	addons.xpi	DEBUG	Starting install of cehomepage@mozillaonline.com from file:///C:/Program%20Files%20(x86)/Mozilla%20Firefox/distribution/myextensions/cehomepage@mozillaonline.com.xpi
1427702339353	addons.xpi	DEBUG	Addon cehomepage@mozillaonline.com will be installed as an unpacked directory
1427702339874	addons.xpi	DEBUG	Staged install of cehomepage@mozillaonline.com from file:///C:/Program%20Files%20(x86)/Mozilla%20Firefox/distribution/myextensions/cehomepage@mozillaonline.com.xpi ready; waiting for restart.
1427702339874	addons.xpi	DEBUG	removeTemporaryFile: file:///C:/Program%20Files%20(x86)/Mozilla%20Firefox/distribution/myextensions/cehomepage@mozillaonline.com.xpi does not own temp file
1427702339879	addons.xpi	DEBUG	Staged install of cpmanager@mozillaonline.com from file:///C:/Program%20Files%20(x86)/Mozilla%20Firefox/distribution/myextensions/cpmanager@mozillaonline.com.xpi ready; waiting for restart.
1427702339887	addons.xpi	DEBUG	removeTemporaryFile: file:///C:/Program%20Files%20(x86)/Mozilla%20Firefox/distribution/myextensions/cpmanager@mozillaonline.com.xpi does not own temp file
1427702363262	addons.xpi	DEBUG	Calling bootstrap method shutdown on wx-assistant@mozillaonline.com version 1.1.3
1427702363267	addons.xpi	DEBUG	Calling bootstrap method shutdown on commonfix@mozillaonline.com version 0.10
1427702363594	addons.manager	DEBUG	shutdown
1427702363595	addons.manager	DEBUG	Calling shutdown blocker for XPIProvider
1427702363595	addons.xpi	DEBUG	shutdown
1427702363595	addons.xpi-utils	DEBUG	shutdown
1427702363595	addons.manager	DEBUG	Calling shutdown blocker for LightweightThemeManager
1427702363596	addons.manager	DEBUG	Calling shutdown blocker for OpenH264Provider
1427702363596	addons.manager	DEBUG	Calling shutdown blocker for PluginProvider
1427702363596	addons.manager	DEBUG	Calling shutdown blocker for <unnamed-provider>
1427702363597	addons.xpi	DEBUG	Notifying XPI shutdown observers
1427702363598	addons.manager	DEBUG	Async provider shutdown done

Build info: version: '2.44.0', revision: '76d78cf', time: '2014-10-23 20:03:00'
System info: host: 'miaoyan-PC', ip: '192.168.5.103', os.name: 'Windows 7', os.arch: 'amd64', os.version: '6.1', java.version: '1.7.0_21'
Driver info: driver.version: FirefoxDriver
	at org.openqa.selenium.firefox.internal.NewProfileExtensionConnection.start(NewProfileExtensionConnection.java:130)
	at org.openqa.selenium.firefox.FirefoxDriver.startClient(FirefoxDriver.java:246)
	at org.openqa.selenium.remote.RemoteWebDriver.<init>(RemoteWebDriver.java:114)
	at org.openqa.selenium.firefox.FirefoxDriver.<init>(FirefoxDriver.java:193)
	at org.openqa.selenium.firefox.FirefoxDriver.<init>(FirefoxDriver.java:186)
	at org.openqa.selenium.firefox.FirefoxDriver.<init>(FirefoxDriver.java:182)
	at org.openqa.selenium.firefox.FirefoxDriver.<init>(FirefoxDriver.java:95)
	at testng.InAdminEdu_Agency.startUp(InAdminEdu_Agency.java:19)
	at sun.reflect.NativeMethodAccessorImpl.invoke0(Native Method)
	at sun.reflect.NativeMethodAccessorImpl.invoke(NativeMethodAccessorImpl.java:57)
	at sun.reflect.DelegatingMethodAccessorImpl.invoke(DelegatingMethodAccessorImpl.java:43)
	at java.lang.reflect.Method.invoke(Method.java:601)
	at org.testng.internal.MethodInvocationHelper.invokeMethod(MethodInvocationHelper.java:84)
	at org.testng.internal.Invoker.invokeConfigurationMethod(Invoker.java:564)
	at org.testng.internal.Invoker.invokeConfigurations(Invoker.java:213)
	at org.testng.internal.Invoker.invokeMethod(Invoker.java:653)
	at org.testng.internal.Invoker.invokeTestMethod(Invoker.java:901)
	at org.testng.internal.Invoker.invokeTestMethods(Invoker.java:1231)
	at org.testng.internal.TestMethodWorker.invokeTestMethods(TestMethodWorker.java:127)
	at org.testng.internal.TestMethodWorker.run(TestMethodWorker.java:111)
	at org.testng.TestRunner.privateRun(TestRunner.java:767)
	at org.testng.TestRunner.run(TestRunner.java:617)
	at org.testng.SuiteRunner.runTest(SuiteRunner.java:334)
	at org.testng.SuiteRunner.runSequentially(SuiteRunner.java:329)
	at org.testng.SuiteRunner.privateRun(SuiteRunner.java:291)
	at org.testng.SuiteRunner.run(SuiteRunner.java:240)
	at org.testng.SuiteRunnerWorker.runSuite(SuiteRunnerWorker.java:52)
	at org.testng.SuiteRunnerWorker.run(SuiteRunnerWorker.java:86)
	at org.testng.TestNG.runSuitesSequentially(TestNG.java:1224)
	at org.testng.TestNG.runSuitesLocally(TestNG.java:1149)
	at org.testng.TestNG.run(TestNG.java:1057)
	at org.testng.remote.RemoteTestNG.run(RemoteTestNG.java:111)
	at org.testng.remote.RemoteTestNG.initAndRun(RemoteTestNG.java:204)
	at org.testng.remote.RemoteTestNG.main(RemoteTestNG.java:175)
Caused by: org.openqa.selenium.firefox.NotConnectedException: Unable to connect to host 127.0.0.1 on port 7055 after 45000 ms. Firefox console output:
rceURI":"file:///C:/Program%20Files%20(x86)/Mozilla%20Firefox/distribution/myextensions/cemigration@mozillaonline.com.xpi","releaseNotesURI":null,"softDisabled":false,"foreignInstall":false,"hasBinaryComponents":false,"strictCompatibility":true,"locales":[{"locales":["zh-CN"],"name":"鏁版嵁瀵煎叆","description":"灏嗗叾浠栨祻瑙堝櫒鏁版嵁瀵煎叆鍒扮伀鐙�,"creator":"Mozilla Online Limited","homepageURL":"http://www.firefox.com.cn/"}],"targetApplications":[{"id":"{ec8030f7-c20a-464f-9b0e-13a3a9e97384}","minVersion":"35.0","maxVersion":"35.*"}],"targetPlatforms":[],"multiprocessCompatible":false}
1427702338896	addons.xpi	DEBUG	getModTime: Recursive scan of cemigration@mozillaonline.com
1427702338898	DeferredSave.extensions.json	DEBUG	Save changes
1427702338898	DeferredSave.extensions.json	DEBUG	Save changes
1427702338898	addons.xpi	DEBUG	Install of file:///C:/Program%20Files%20(x86)/Mozilla%20Firefox/distribution/myextensions/cemigration@mozillaonline.com.xpi completed.
1427702338899	DeferredSave.extensions.json	DEBUG	Starting timer
1427702338899	addons.xpi	DEBUG	removeTemporaryFile: file:///C:/Program%20Files%20(x86)/Mozilla%20Firefox/distribution/myextensions/cemigration@mozillaonline.com.xpi does not own temp file
1427702338920	DeferredSave.extensions.json	DEBUG	Starting write
1427702338924	DeferredSave.extensions.json	DEBUG	Write succeeded
1427702339075	addons.xpi	DEBUG	Staged install of coba@mozilla.com.cn from file:///C:/Program%20Files%20(x86)/Mozilla%20Firefox/distribution/myextensions/coba@mozilla.com.cn.xpi ready; waiting for restart.
1427702339075	addons.xpi	DEBUG	removeTemporaryFile: file:///C:/Program%20Files%20(x86)/Mozilla%20Firefox/distribution/myextensions/coba@mozilla.com.cn.xpi does not own temp file
1427702339298	addons.repository	DEBUG	Got metadata search load event
1427702339298	DeferredSave.addons.json	DEBUG	Save changes
1427702339298	DeferredSave.addons.json	DEBUG	Starting timer
1427702339349	DeferredSave.addons.json	DEBUG	Starting write
1427702339352	DeferredSave.addons.json	DEBUG	Write succeeded
1427702339352	addons.xpi	DEBUG	Starting install of cehomepage@mozillaonline.com from file:///C:/Program%20Files%20(x86)/Mozilla%20Firefox/distribution/myextensions/cehomepage@mozillaonline.com.xpi
1427702339353	addons.xpi	DEBUG	Addon cehomepage@mozillaonline.com will be installed as an unpacked directory
1427702339874	addons.xpi	DEBUG	Staged install of cehomepage@mozillaonline.com from file:///C:/Program%20Files%20(x86)/Mozilla%20Firefox/distribution/myextensions/cehomepage@mozillaonline.com.xpi ready; waiting for restart.
1427702339874	addons.xpi	DEBUG	removeTemporaryFile: file:///C:/Program%20Files%20(x86)/Mozilla%20Firefox/distribution/myextensions/cehomepage@mozillaonline.com.xpi does not own temp file
1427702339879	addons.xpi	DEBUG	Staged install of cpmanager@mozillaonline.com from file:///C:/Program%20Files%20(x86)/Mozilla%20Firefox/distribution/myextensions/cpmanager@mozillaonline.com.xpi ready; waiting for restart.
1427702339887	addons.xpi	DEBUG	removeTemporaryFile: file:///C:/Program%20Files%20(x86)/Mozilla%20Firefox/distribution/myextensions/cpmanager@mozillaonline.com.xpi does not own temp file
1427702363262	addons.xpi	DEBUG	Calling bootstrap method shutdown on wx-assistant@mozillaonline.com version 1.1.3
1427702363267	addons.xpi	DEBUG	Calling bootstrap method shutdown on commonfix@mozillaonline.com version 0.10
1427702363594	addons.manager	DEBUG	shutdown
1427702363595	addons.manager	DEBUG	Calling shutdown blocker for XPIProvider
1427702363595	addons.xpi	DEBUG	shutdown
1427702363595	addons.xpi-utils	DEBUG	shutdown
1427702363595	addons.manager	DEBUG	Calling shutdown blocker for LightweightThemeManager
1427702363596	addons.manager	DEBUG	Calling shutdown blocker for OpenH264Provider
1427702363596	addons.manager	DEBUG	Calling shutdown blocker for PluginProvider
1427702363596	addons.manager	DEBUG	Calling shutdown blocker for <unnamed-provider>
1427702363597	addons.xpi	DEBUG	Notifying XPI shutdown observers
1427702363598	addons.manager	DEBUG	Async provider shutdown done

	at org.openqa.selenium.firefox.internal.NewProfileExtensionConnection.start(NewProfileExtensionConnection.java:118)
	... 33 more
]]>
    </failure>
  </testcase> <!-- InAdminEdu_verifyAddAgency -->
</testsuite> <!-- testng.InAdminEdu_Agency -->
