<?xml version="1.0" encoding="UTF-8"?>
<!-- Generated by org.testng.reporters.JUnitReportReporter -->
<testsuite hostname="miaoyan-PC" name="testng.TestEduAddCourseClass" tests="1" failures="0" timestamp="18 Mar 2015 10:44:22 GMT" time="9.069" errors="0">
  <testcase name="add_course_class" time="9.069" classname="testng.TestEduAddCourseClass"/>
</testsuite> <!-- testng.TestEduAddCourseClass -->
