<?xml version="1.0" encoding="UTF-8"?>
<!-- Generated by org.testng.reporters.JUnitReportReporter -->
<testsuite hostname="miaoyan-PC" name="testng.InAdminEdu_Fail" tests="1" failures="0" timestamp="26 Mar 2015 02:43:25 GMT" time="26.210" errors="0">
  <testcase name="InAdminEdu_verifyCourseFail" time="26.210" classname="testng.InAdminEdu_Fail"/>
</testsuite> <!-- testng.InAdminEdu_Fail -->
