<?xml version="1.0" encoding="UTF-8"?>
<!-- Generated by org.testng.reporters.JUnitReportReporter -->
<testsuite hostname="miaoyan-PC" name="testng.InAdminEdu_Succeed" tests="1" failures="0" timestamp="26 Mar 2015 06:58:09 GMT" time="26.553" errors="0">
  <testcase name="InAdminEdu_verifyCourseSucceed" time="26.553" classname="testng.InAdminEdu_Succeed"/>
</testsuite> <!-- testng.InAdminEdu_Succeed -->
