<?xml version="1.0" encoding="UTF-8"?>
<!-- Generated by org.testng.reporters.JUnitReportReporter -->
<testsuite hostname="miaoyan" name="testng.TestMall" tests="1" failures="0" timestamp="30 Nov 2015 08:11:23 GMT" time="20.954" errors="0">
  <testcase name="testmall" time="20.954" classname="testng.TestMall"/>
</testsuite> <!-- testng.TestMall -->
