<?xml version="1.0" encoding="UTF-8"?>
<!-- Generated by org.testng.reporters.JUnitReportReporter -->
<testsuite hostname="miaoyan" name="com.csdn.edu.ApplyCourse" tests="1" failures="0" timestamp="21 Dec 2015 06:16:45 GMT" time="93.521" errors="0">
  <testcase name="applyCourseOpration" time="93.521" classname="com.csdn.edu.ApplyCourse"/>
</testsuite> <!-- com.csdn.edu.ApplyCourse -->
