<?xml version="1.0" encoding="UTF-8"?>
<!-- Generated by org.testng.reporters.JUnitReportReporter -->
<testsuite hostname="miaoyan" name="com.csdn.edu.VerifyHomePageTeacher" tests="1" failures="0" timestamp="14 Dec 2015 06:22:22 GMT" time="23.938" errors="0">
  <testcase name="verifyHomePageTeacherOperation" time="23.938" classname="com.csdn.edu.VerifyHomePageTeacher"/>
</testsuite> <!-- com.csdn.edu.VerifyHomePageTeacher -->
