<?xml version="1.0" encoding="UTF-8"?>
<!-- Generated by org.testng.reporters.JUnitReportReporter -->
<testsuite hostname="miaoyan" name="com.csdn.edu.VerifyHomePageAgency" tests="1" failures="0" timestamp="14 Dec 2015 06:22:22 GMT" time="18.046" errors="0">
  <testcase name="verifyHomePageAgencyOperation" time="18.046" classname="com.csdn.edu.VerifyHomePageAgency"/>
</testsuite> <!-- com.csdn.edu.VerifyHomePageAgency -->
