<?xml version="1.0" encoding="UTF-8"?>
<!-- Generated by org.testng.reporters.JUnitReportReporter -->
<testsuite hostname="miaoyan" name="com.csdn.csto.TestCreatePro" tests="1" failures="0" timestamp="18 Jan 2016 02:48:52 GMT" time="64.784" errors="0">
  <testcase name="testCreatePro" time="64.784" classname="com.csdn.csto.TestCreatePro"/>
</testsuite> <!-- com.csdn.csto.TestCreatePro -->
