<?xml version="1.0" encoding="UTF-8"?>
<!-- Generated by org.testng.reporters.JUnitReportReporter -->
<testsuite hostname="miaoyan" name="com.csdn.iteye.HomeScreenPage" tests="1" failures="0" timestamp="21 Dec 2015 09:37:54 GMT" time="72.174" errors="0">
  <testcase name="testIt" time="72.174" classname="com.csdn.iteye.HomeScreenPage"/>
</testsuite> <!-- com.csdn.iteye.HomeScreenPage -->
