<?xml version="1.0" encoding="UTF-8"?>
<!-- Generated by org.testng.reporters.JUnitReportReporter -->
<testsuite hostname="miaoyan" name="com.csdn.edu.VerifyHomePageCourse" tests="1" failures="0" timestamp="14 Dec 2015 06:22:22 GMT" time="16.885" errors="0">
  <testcase name="verifyHomePageOperation" time="16.885" classname="com.csdn.edu.VerifyHomePageCourse"/>
</testsuite> <!-- com.csdn.edu.VerifyHomePageCourse -->
